<?xml version="1.0" encoding="UTF-8"?>
<testsuite xmlns:xsi="http://www.w3.org/2001/XMLSchema-instance" xsi:noNamespaceSchemaLocation="https://maven.apache.org/surefire/maven-surefire-plugin/xsd/surefire-test-report-3.0.xsd" version="3.0" name="com.retail.experience.service.base.BaseComponentServiceTest" time="0.86" tests="10" errors="0" skipped="0" failures="0">
  <properties>
[...]
</properties>
  <testcase name="count_components" classname="com.retail.experience.service.base.BaseComponentServiceTest" time="0.006">
    <system-out><![CDATA[2022-04-11 15:47:41.648  INFO 16616 --- [           main] .b.t.c.SpringBootTestContextBootstrapper : Neither @ContextConfiguration nor @ContextHierarchy found for test class [com.retail.experience.service.base.BaseComponentServiceTest], using SpringBootContextLoader
2022-04-11 15:47:41.649  INFO 16616 --- [           main] o.s.t.c.support.AbstractContextLoader    : Could not detect default resource locations for test class [com.retail.experience.service.base.BaseComponentServiceTest]: no resource found for suffixes {-context.xml, Context.groovy}.
2022-04-11 15:47:41.650  INFO 16616 --- [           main] .b.t.c.SpringBootTestContextBootstrapper : Loaded default TestExecutionListener class names from location [META-INF/spring.factories]: [org.springframework.boot.test.mock.mockito.MockitoTestExecutionListener, org.springframework.boot.test.mock.mockito.ResetMocksTestExecutionListener, org.springframework.boot.test.autoconfigure.restdocs.RestDocsTestExecutionListener, org.springframework.boot.test.autoconfigure.web.client.MockRestServiceServerResetTestExecutionListener, org.springframework.boot.test.autoconfigure.web.servlet.MockMvcPrintOnlyOnFailureTestExecutionListener, org.springframework.boot.test.autoconfigure.web.servlet.WebDriverTestExecutionListener, org.springframework.boot.test.autoconfigure.webservices.client.MockWebServiceServerTestExecutionListener, org.springframework.test.context.web.ServletTestExecutionListener, org.springframework.test.context.support.DirtiesContextBeforeModesTestExecutionListener, org.springframework.test.context.event.ApplicationEventsTestExecutionListener, org.springframework.test.context.support.DependencyInjectionTestExecutionListener, org.springframework.test.context.support.DirtiesContextTestExecutionListener, org.springframework.test.context.transaction.TransactionalTestExecutionListener, org.springframework.test.context.jdbc.SqlScriptsTestExecutionListener, org.springframework.test.context.event.EventPublishingTestExecutionListener]
2022-04-11 15:47:41.650  INFO 16616 --- [           main] .b.t.c.SpringBootTestContextBootstrapper : Using TestExecutionListeners: [org.springframework.test.context.web.ServletTestExecutionListener@7dc779bb, org.springframework.test.context.support.DirtiesContextBeforeModesTestExecutionListener@213451a4, org.springframework.test.context.event.ApplicationEventsTestExecutionListener@403ca4ec, org.springframework.boot.test.mock.mockito.MockitoTestExecutionListener@17bda3, org.springframework.boot.test.autoconfigure.SpringBootDependencyInjectionTestExecutionListener@465b16bb, org.springframework.test.context.support.DirtiesContextTestExecutionListener@45e1d6a5, org.springframework.test.context.transaction.TransactionalTestExecutionListener@60df0131, org.springframework.test.context.jdbc.SqlScriptsTestExecutionListener@5d98522c, org.springframework.test.context.event.EventPublishingTestExecutionListener@43e869ea, org.springframework.boot.test.mock.mockito.ResetMocksTestExecutionListener@8f7cbcc, org.springframework.boot.test.autoconfigure.restdocs.RestDocsTestExecutionListener@10b9956a, org.springframework.boot.test.autoconfigure.web.client.MockRestServiceServerResetTestExecutionListener@fafbc63, org.springframework.boot.test.autoconfigure.web.servlet.MockMvcPrintOnlyOnFailureTestExecutionListener@f083345, org.springframework.boot.test.autoconfigure.web.servlet.WebDriverTestExecutionListener@391720c3, org.springframework.boot.test.autoconfigure.webservices.client.MockWebServiceServerTestExecutionListener@6559f04e]

  .   ____          _            __ _ _
 /\\ / ___'_ __ _ _(_)_ __  __ _ \ \ \ \
( ( )\___ | '_ | '_| | '_ \/ _` | \ \ \ \
 \\/  ___)| |_)| | | | | || (_| |  ) ) ) )
  '  |____| .__|_| |_|_| |_\__, | / / / /
 =========|_|==============|___/=/_/_/_/
 :: Spring Boot ::                (v2.6.3)

2022-04-11 15:47:41.663  INFO 16616 --- [           main] c.r.e.s.base.BaseComponentServiceTest    : Starting BaseComponentServiceTest using Java 11.0.2-BellSoft on LCTON01 with PID 16616 (started by tchen in D:\Work My Projects\Spring Master\SpringWebRetailStore\retail_experience_server)
2022-04-11 15:47:41.663  INFO 16616 --- [           main] c.r.e.s.base.BaseComponentServiceTest    : No active profile set, falling back to default profiles: default
2022-04-11 15:47:41.843  INFO 16616 --- [           main] .s.d.r.c.RepositoryConfigurationDelegate : Bootstrapping Spring Data JPA repositories in DEFAULT mode.
2022-04-11 15:47:41.859  INFO 16616 --- [           main] .s.d.r.c.RepositoryConfigurationDelegate : Finished Spring Data repository scanning in 15 ms. Found 7 JPA repository interfaces.
2022-04-11 15:47:41.946  INFO 16616 --- [           main] o.hibernate.jpa.internal.util.LogHelper  : HHH000204: Processing PersistenceUnitInfo [name: default]
2022-04-11 15:47:41.950  INFO 16616 --- [           main] com.zaxxer.hikari.HikariDataSource       : HikariPool-4 - Starting...
2022-04-11 15:47:41.951  INFO 16616 --- [           main] com.zaxxer.hikari.HikariDataSource       : HikariPool-4 - Start completed.
2022-04-11 15:47:41.951  INFO 16616 --- [           main] org.hibernate.dialect.Dialect            : HHH000400: Using dialect: com.retail.experience.config.SQLDialect
2022-04-11 15:47:42.016  INFO 16616 --- [           main] o.h.e.t.j.p.i.JtaPlatformInitiator       : HHH000490: Using JtaPlatform implementation: [org.hibernate.engine.transaction.jta.platform.internal.NoJtaPlatform]
2022-04-11 15:47:42.017  INFO 16616 --- [           main] j.LocalContainerEntityManagerFactoryBean : Initialized JPA EntityManagerFactory for persistence unit 'default'
2022-04-11 15:47:42.194  WARN 16616 --- [           main] JpaBaseConfiguration$JpaWebConfiguration : spring.jpa.open-in-view is enabled by default. Therefore, database queries may be performed during view rendering. Explicitly configure spring.jpa.open-in-view to disable this warning
2022-04-11 15:47:42.376  INFO 16616 --- [           main] o.s.b.a.e.web.EndpointLinksResolver      : Exposing 1 endpoint(s) beneath base path '/actuator'
2022-04-11 15:47:42.393  INFO 16616 --- [           main] c.r.e.s.base.BaseComponentServiceTest    : Started BaseComponentServiceTest in 0.741 seconds (JVM running for 8.948)
]]></system-out>
  </testcase>
  <testcase name="reduce_stock_by_id" classname="com.retail.experience.service.base.BaseComponentServiceTest" time="0.025"/>
  <testcase name="load_component_new" classname="com.retail.experience.service.base.BaseComponentServiceTest" time="0.046"/>
  <testcase name="reduce_stock_by_id_not_found" classname="com.retail.experience.service.base.BaseComponentServiceTest" time="0.004"/>
  <testcase name="restore_stock_by_id" classname="com.retail.experience.service.base.BaseComponentServiceTest" time="0.009"/>
  <testcase name="restore_stock_by_id_not_found" classname="com.retail.experience.service.base.BaseComponentServiceTest" time="0.002"/>
  <testcase name="get_all_components" classname="com.retail.experience.service.base.BaseComponentServiceTest" time="0.005"/>
  <testcase name="load_component_existing" classname="com.retail.experience.service.base.BaseComponentServiceTest" time="0.007"/>
  <testcase name="get_component_by_id" classname="com.retail.experience.service.base.BaseComponentServiceTest" time="0.002"/>
  <testcase name="search_component_by_name" classname="com.retail.experience.service.base.BaseComponentServiceTest" time="0.003"/>
</testsuite>