<?xml version="1.0" encoding="UTF-8"?>
<testsuite xmlns:xsi="http://www.w3.org/2001/XMLSchema-instance" xsi:noNamespaceSchemaLocation="https://maven.apache.org/surefire/maven-surefire-plugin/xsd/surefire-test-report-3.0.xsd" version="3.0" name="com.retail.experience.service.controller.OrderControllerServiceTest" time="43.524" tests="25" errors="0" skipped="0" failures="0">
  <properties>
[...]
</properties>
  <testcase name="restore_order_items_failed_with_exception" classname="com.retail.experience.service.controller.OrderControllerServiceTest" time="0.002">
    <system-out><![CDATA[2022-04-11 15:48:32.602  INFO 16616 --- [           main] .b.t.c.SpringBootTestContextBootstrapper : Neither @ContextConfiguration nor @ContextHierarchy found for test class [com.retail.experience.service.controller.OrderControllerServiceTest], using SpringBootContextLoader
2022-04-11 15:48:32.603  INFO 16616 --- [           main] o.s.t.c.support.AbstractContextLoader    : Could not detect default resource locations for test class [com.retail.experience.service.controller.OrderControllerServiceTest]: no resource found for suffixes {-context.xml, Context.groovy}.
2022-04-11 15:48:32.604  INFO 16616 --- [           main] .b.t.c.SpringBootTestContextBootstrapper : Loaded default TestExecutionListener class names from location [META-INF/spring.factories]: [org.springframework.boot.test.mock.mockito.MockitoTestExecutionListener, org.springframework.boot.test.mock.mockito.ResetMocksTestExecutionListener, org.springframework.boot.test.autoconfigure.restdocs.RestDocsTestExecutionListener, org.springframework.boot.test.autoconfigure.web.client.MockRestServiceServerResetTestExecutionListener, org.springframework.boot.test.autoconfigure.web.servlet.MockMvcPrintOnlyOnFailureTestExecutionListener, org.springframework.boot.test.autoconfigure.web.servlet.WebDriverTestExecutionListener, org.springframework.boot.test.autoconfigure.webservices.client.MockWebServiceServerTestExecutionListener, org.springframework.test.context.web.ServletTestExecutionListener, org.springframework.test.context.support.DirtiesContextBeforeModesTestExecutionListener, org.springframework.test.context.event.ApplicationEventsTestExecutionListener, org.springframework.test.context.support.DependencyInjectionTestExecutionListener, org.springframework.test.context.support.DirtiesContextTestExecutionListener, org.springframework.test.context.transaction.TransactionalTestExecutionListener, org.springframework.test.context.jdbc.SqlScriptsTestExecutionListener, org.springframework.test.context.event.EventPublishingTestExecutionListener]
2022-04-11 15:48:32.604  INFO 16616 --- [           main] .b.t.c.SpringBootTestContextBootstrapper : Using TestExecutionListeners: [org.springframework.test.context.web.ServletTestExecutionListener@54c78734, org.springframework.test.context.support.DirtiesContextBeforeModesTestExecutionListener@7cfe97db, org.springframework.test.context.event.ApplicationEventsTestExecutionListener@664bd35e, org.springframework.boot.test.mock.mockito.MockitoTestExecutionListener@33ce766b, org.springframework.boot.test.autoconfigure.SpringBootDependencyInjectionTestExecutionListener@5bd8b901, org.springframework.test.context.support.DirtiesContextTestExecutionListener@5390bdee, org.springframework.test.context.transaction.TransactionalTestExecutionListener@6b7945e1, org.springframework.test.context.jdbc.SqlScriptsTestExecutionListener@2bc41bcb, org.springframework.test.context.event.EventPublishingTestExecutionListener@354aaf03, org.springframework.boot.test.mock.mockito.ResetMocksTestExecutionListener@63e31b89, org.springframework.boot.test.autoconfigure.restdocs.RestDocsTestExecutionListener@42141c59, org.springframework.boot.test.autoconfigure.web.client.MockRestServiceServerResetTestExecutionListener@49854d93, org.springframework.boot.test.autoconfigure.web.servlet.MockMvcPrintOnlyOnFailureTestExecutionListener@29d7d117, org.springframework.boot.test.autoconfigure.web.servlet.WebDriverTestExecutionListener@5213a8f7, org.springframework.boot.test.autoconfigure.webservices.client.MockWebServiceServerTestExecutionListener@30078038]
]]></system-out>
  </testcase>
  <testcase name="process_order_items_failed_with_exception" classname="com.retail.experience.service.controller.OrderControllerServiceTest" time="0.002"/>
  <testcase name="get_memory_service_by_category_name" classname="com.retail.experience.service.controller.OrderControllerServiceTest" time="0.002"/>
  <testcase name="publish_order_response_messages_failed" classname="com.retail.experience.service.controller.OrderControllerServiceTest" time="0.002"/>
  <testcase name="get_cpu_service_by_category_name" classname="com.retail.experience.service.controller.OrderControllerServiceTest" time="0.002"/>
  <testcase name="listMouseItems" classname="com.retail.experience.service.controller.OrderControllerServiceTest" time="0.004"/>
  <testcase name="assemble_same_order" classname="com.retail.experience.service.controller.OrderControllerServiceTest" time="0.183"/>
  <testcase name="listStorageItems" classname="com.retail.experience.service.controller.OrderControllerServiceTest" time="0.003"/>
  <testcase name="get_monitor_service_by_category_name" classname="com.retail.experience.service.controller.OrderControllerServiceTest" time="0.002"/>
  <testcase name="assemble_computer_successfully" classname="com.retail.experience.service.controller.OrderControllerServiceTest" time="20.039"/>
  <testcase name="listMemoryItems" classname="com.retail.experience.service.controller.OrderControllerServiceTest" time="0.004"/>
  <testcase name="get_keyboard_service_by_category_name" classname="com.retail.experience.service.controller.OrderControllerServiceTest" time="0.001"/>
  <testcase name="get_service_by_category_name_failed" classname="com.retail.experience.service.controller.OrderControllerServiceTest" time="0.001"/>
  <testcase name="assemble_random_order" classname="com.retail.experience.service.controller.OrderControllerServiceTest" time="0.18"/>
  <testcase name="listKeyboardItems" classname="com.retail.experience.service.controller.OrderControllerServiceTest" time="0.004"/>
  <testcase name="listGpuItems" classname="com.retail.experience.service.controller.OrderControllerServiceTest" time="0.002"/>
  <testcase name="listMonitorItems" classname="com.retail.experience.service.controller.OrderControllerServiceTest" time="0.002"/>
  <testcase name="publish_order_response_messages_successfully" classname="com.retail.experience.service.controller.OrderControllerServiceTest" time="3.013"/>
  <testcase name="get_storage_service_by_category_name" classname="com.retail.experience.service.controller.OrderControllerServiceTest" time="0.001"/>
  <testcase name="restore_order_items_successfully" classname="com.retail.experience.service.controller.OrderControllerServiceTest" time="0.014"/>
  <testcase name="process_order_items_successfully" classname="com.retail.experience.service.controller.OrderControllerServiceTest" time="0.011"/>
  <testcase name="listCpuItems" classname="com.retail.experience.service.controller.OrderControllerServiceTest" time="0.004"/>
  <testcase name="get_mouse_service_by_category_name" classname="com.retail.experience.service.controller.OrderControllerServiceTest" time="0.002"/>
  <testcase name="assemble_computer_failed" classname="com.retail.experience.service.controller.OrderControllerServiceTest" time="20.032"/>
  <testcase name="get_gpu_service_by_category_name" classname="com.retail.experience.service.controller.OrderControllerServiceTest" time="0.001"/>
</testsuite>